<?xml version="1.0" encoding="UTF-8"?>
<coverage generated="1606376926931" clover="3.2.0">
  <project timestamp="1606376926931" name="All files">
    <metrics statements="30" coveredstatements="9" conditionals="4" coveredconditionals="0" methods="14" coveredmethods="4" elements="48" coveredelements="13" complexity="0" loc="30" ncloc="30" packages="4" files="5" classes="5"/>
    <package name="src">
      <metrics statements="2" coveredstatements="0" conditionals="0" coveredconditionals="0" methods="0" coveredmethods="0"/>
      <file name="App.vue" path="/Users/admin/Desktop/code/study/Imooc-TesingClass-second/02-vueTDD/jest-vue/src/App.vue">
        <metrics statements="2" coveredstatements="0" conditionals="0" coveredconditionals="0" methods="0" coveredmethods="0"/>
        <line num="6" count="0" type="stmt"/>
        <line num="8" count="0" type="stmt"/>
      </file>
    </package>
    <package name="src.components">
      <metrics statements="1" coveredstatements="0" conditionals="0" coveredconditionals="0" methods="0" coveredmethods="0"/>
      <file name="HelloWorld.vue" path="/Users/admin/Desktop/code/study/Imooc-TesingClass-second/02-vueTDD/jest-vue/src/components/HelloWorld.vue">
        <metrics statements="1" coveredstatements="0" conditionals="0" coveredconditionals="0" methods="0" coveredmethods="0"/>
        <line num="8" count="0" type="stmt"/>
      </file>
    </package>
    <package name="src.containers.TodoList">
      <metrics statements="17" coveredstatements="6" conditionals="2" coveredconditionals="0" methods="8" coveredmethods="3"/>
      <file name="TodoList.vue" path="/Users/admin/Desktop/code/study/Imooc-TesingClass-second/02-vueTDD/jest-vue/src/containers/TodoList/TodoList.vue">
        <metrics statements="17" coveredstatements="6" conditionals="2" coveredconditionals="0" methods="8" coveredmethods="3"/>
        <line num="15" count="1" type="stmt"/>
        <line num="16" count="1" type="stmt"/>
        <line num="17" count="1" type="stmt"/>
        <line num="24" count="4" type="stmt"/>
        <line num="30" count="1" type="stmt"/>
        <line num="36" count="1" type="stmt"/>
        <line num="39" count="0" type="stmt"/>
        <line num="40" count="0" type="stmt"/>
        <line num="42" count="0" type="cond" truecount="0" falsecount="2"/>
        <line num="43" count="0" type="stmt"/>
        <line num="45" count="0" type="stmt"/>
        <line num="48" count="0" type="stmt"/>
        <line num="51" count="0" type="stmt"/>
        <line num="52" count="0" type="stmt"/>
        <line num="53" count="0" type="stmt"/>
        <line num="55" count="0" type="stmt"/>
        <line num="58" count="0" type="stmt"/>
      </file>
    </package>
    <package name="src.containers.TodoList.components">
      <metrics statements="10" coveredstatements="3" conditionals="2" coveredconditionals="0" methods="6" coveredmethods="1"/>
      <file name="Header.vue" path="/Users/admin/Desktop/code/study/Imooc-TesingClass-second/02-vueTDD/jest-vue/src/containers/TodoList/components/Header.vue">
        <metrics statements="5" coveredstatements="2" conditionals="2" coveredconditionals="0" methods="2" coveredmethods="1"/>
        <line num="11" count="2" type="stmt"/>
        <line num="14" count="6" type="stmt"/>
        <line num="20" count="0" type="cond" truecount="0" falsecount="2"/>
        <line num="21" count="0" type="stmt"/>
        <line num="22" count="0" type="stmt"/>
      </file>
      <file name="UndoList.vue" path="/Users/admin/Desktop/code/study/Imooc-TesingClass-second/02-vueTDD/jest-vue/src/containers/TodoList/components/UndoList.vue">
        <metrics statements="5" coveredstatements="1" conditionals="0" coveredconditionals="0" methods="4" coveredmethods="0"/>
        <line num="32" count="2" type="stmt"/>
        <line num="37" count="0" type="stmt"/>
        <line num="40" count="0" type="stmt"/>
        <line num="43" count="0" type="stmt"/>
        <line num="46" count="0" type="stmt"/>
      </file>
    </package>
  </project>
</coverage>
