{"/Users/admin/Desktop/code/study/Imooc-TesingClass-second/02-vueTDD/jest-vue/src/App.vue": {"path":"/Users/admin/Desktop/code/study/Imooc-TesingClass-second/02-vueTDD/jest-vue/src/App.vue","statementMap":{"0":{"start":{"line":6,"column":0},"end":{"line":6,"column":null}},"1":{"start":{"line":8,"column":15},"end":{"line":8,"column":null}}},"fnMap":{},"branchMap":{},"s":{"0":0,"1":0},"f":{},"b":{}}
,"/Users/admin/Desktop/code/study/Imooc-TesingClass-second/02-vueTDD/jest-vue/src/components/HelloWorld.vue": {"path":"/Users/admin/Desktop/code/study/Imooc-TesingClass-second/02-vueTDD/jest-vue/src/components/HelloWorld.vue","statementMap":{"0":{"start":{"line":8,"column":15},"end":{"line":8,"column":null}}},"fnMap":{},"branchMap":{},"s":{"0":0},"f":{},"b":{}}
,"/Users/admin/Desktop/code/study/Imooc-TesingClass-second/02-vueTDD/jest-vue/src/containers/TodoList/TodoList.vue": {"path":"/Users/admin/Desktop/code/study/Imooc-TesingClass-second/02-vueTDD/jest-vue/src/containers/TodoList/TodoList.vue","statementMap":{"0":{"start":{"line":15,"column":0},"end":{"line":15,"column":null}},"1":{"start":{"line":16,"column":0},"end":{"line":16,"column":null}},"2":{"start":{"line":17,"column":15},"end":{"line":17,"column":null}},"3":{"start":{"line":24,"column":4},"end":{"line":24,"column":11}},"4":{"start":{"line":30,"column":6},"end":{"line":30,"column":11}},"5":{"start":{"line":36,"column":6},"end":{"line":36,"column":11}},"6":{"start":{"line":39,"column":22},"end":{"line":39,"column":null}},"7":{"start":{"line":40,"column":6},"end":{"line":40,"column":11}},"8":{"start":{"line":42,"column":8},"end":{"line":46,"column":null}},"9":{"start":{"line":43,"column":10},"end":{"line":43,"column":17}},"10":{"start":{"line":45,"column":10},"end":{"line":45,"column":17}},"11":{"start":{"line":48,"column":6},"end":{"line":48,"column":11}},"12":{"start":{"line":51,"column":22},"end":{"line":51,"column":null}},"13":{"start":{"line":52,"column":6},"end":{"line":52,"column":11}},"14":{"start":{"line":53,"column":8},"end":{"line":53,"column":15}},"15":{"start":{"line":55,"column":6},"end":{"line":55,"column":11}},"16":{"start":{"line":58,"column":6},"end":{"line":58,"column":11}}},"fnMap":{"0":{"name":"(anonymous_0)","decl":{"start":{"line":23,"column":2},"end":{"line":23,"column":6}},"loc":{"start":{"line":23,"column":10},"end":{"line":27,"column":null}}},"1":{"name":"(anonymous_1)","decl":{"start":{"line":29,"column":4},"end":{"line":29,"column":15}},"loc":{"start":{"line":29,"column":29},"end":{"line":34,"column":null}}},"2":{"name":"(anonymous_2)","decl":{"start":{"line":35,"column":4},"end":{"line":35,"column":20}},"loc":{"start":{"line":35,"column":29},"end":{"line":37,"column":null}}},"3":{"name":"(anonymous_3)","decl":{"start":{"line":38,"column":4},"end":{"line":38,"column":16}},"loc":{"start":{"line":38,"column":25},"end":{"line":49,"column":null}}},"4":{"name":"(anonymous_4)","decl":{"start":{"line":40,"column":28},"end":{"line":40,"column":29}},"loc":{"start":{"line":40,"column":49},"end":{"line":47,"column":null}}},"5":{"name":"(anonymous_5)","decl":{"start":{"line":50,"column":4},"end":{"line":50,"column":15}},"loc":{"start":{"line":50,"column":19},"end":{"line":56,"column":null}}},"6":{"name":"(anonymous_6)","decl":{"start":{"line":52,"column":28},"end":{"line":52,"column":29}},"loc":{"start":{"line":52,"column":49},"end":{"line":54,"column":null}}},"7":{"name":"(anonymous_7)","decl":{"start":{"line":57,"column":4},"end":{"line":57,"column":19}},"loc":{"start":{"line":57,"column":26},"end":{"line":59,"column":null}}}},"branchMap":{"0":{"loc":{"start":{"line":42,"column":8},"end":{"line":46,"column":null}},"type":"if","locations":[{"start":{"line":42,"column":8},"end":{"line":46,"column":null}},{"start":{"line":42,"column":8},"end":{"line":46,"column":null}}]}},"s":{"0":1,"1":1,"2":1,"3":4,"4":1,"5":1,"6":0,"7":0,"8":0,"9":0,"10":0,"11":0,"12":0,"13":0,"14":0,"15":0,"16":0},"f":{"0":4,"1":1,"2":1,"3":0,"4":0,"5":0,"6":0,"7":0},"b":{"0":[0,0]}}
,"/Users/admin/Desktop/code/study/Imooc-TesingClass-second/02-vueTDD/jest-vue/src/containers/TodoList/components/Header.vue": {"path":"/Users/admin/Desktop/code/study/Imooc-TesingClass-second/02-vueTDD/jest-vue/src/containers/TodoList/components/Header.vue","statementMap":{"0":{"start":{"line":11,"column":15},"end":{"line":11,"column":null}},"1":{"start":{"line":14,"column":4},"end":{"line":14,"column":11}},"2":{"start":{"line":20,"column":6},"end":{"line":23,"column":null}},"3":{"start":{"line":21,"column":8},"end":{"line":21,"column":13}},"4":{"start":{"line":22,"column":8},"end":{"line":22,"column":13}}},"fnMap":{"0":{"name":"(anonymous_0)","decl":{"start":{"line":13,"column":2},"end":{"line":13,"column":6}},"loc":{"start":{"line":13,"column":10},"end":{"line":17,"column":null}}},"1":{"name":"(anonymous_1)","decl":{"start":{"line":19,"column":4},"end":{"line":19,"column":15}},"loc":{"start":{"line":19,"column":19},"end":{"line":24,"column":null}}}},"branchMap":{"0":{"loc":{"start":{"line":20,"column":6},"end":{"line":23,"column":null}},"type":"if","locations":[{"start":{"line":20,"column":6},"end":{"line":23,"column":null}},{"start":{"line":20,"column":6},"end":{"line":23,"column":null}}]}},"s":{"0":2,"1":6,"2":0,"3":0,"4":0},"f":{"0":6,"1":0},"b":{"0":[0,0]}}
,"/Users/admin/Desktop/code/study/Imooc-TesingClass-second/02-vueTDD/jest-vue/src/containers/TodoList/components/UndoList.vue": {"path":"/Users/admin/Desktop/code/study/Imooc-TesingClass-second/02-vueTDD/jest-vue/src/containers/TodoList/components/UndoList.vue","statementMap":{"0":{"start":{"line":32,"column":15},"end":{"line":32,"column":null}},"1":{"start":{"line":37,"column":6},"end":{"line":37,"column":11}},"2":{"start":{"line":40,"column":6},"end":{"line":40,"column":11}},"3":{"start":{"line":43,"column":6},"end":{"line":43,"column":11}},"4":{"start":{"line":46,"column":6},"end":{"line":46,"column":11}}},"fnMap":{"0":{"name":"(anonymous_0)","decl":{"start":{"line":36,"column":4},"end":{"line":36,"column":16}},"loc":{"start":{"line":36,"column":25},"end":{"line":38,"column":null}}},"1":{"name":"(anonymous_1)","decl":{"start":{"line":39,"column":4},"end":{"line":39,"column":16}},"loc":{"start":{"line":39,"column":25},"end":{"line":41,"column":null}}},"2":{"name":"(anonymous_2)","decl":{"start":{"line":42,"column":4},"end":{"line":42,"column":19}},"loc":{"start":{"line":42,"column":23},"end":{"line":44,"column":null}}},"3":{"name":"(anonymous_3)","decl":{"start":{"line":45,"column":4},"end":{"line":45,"column":21}},"loc":{"start":{"line":45,"column":37},"end":{"line":50,"column":null}}}},"branchMap":{},"s":{"0":2,"1":0,"2":0,"3":0,"4":0},"f":{"0":0,"1":0,"2":0,"3":0},"b":{}}
}
