TN:
SF:/Users/admin/Desktop/code/study/Imooc-TesingClass-second/02-vueTDD/jest-vue/src/App.vue
FNF:0
FNH:0
DA:6,0
DA:8,0
LF:2
LH:0
BRF:0
BRH:0
end_of_record
TN:
SF:/Users/admin/Desktop/code/study/Imooc-TesingClass-second/02-vueTDD/jest-vue/src/components/HelloWorld.vue
FNF:0
FNH:0
DA:8,0
LF:1
LH:0
BRF:0
BRH:0
end_of_record
TN:
SF:/Users/admin/Desktop/code/study/Imooc-TesingClass-second/02-vueTDD/jest-vue/src/containers/TodoList/TodoList.vue
FN:23,(anonymous_0)
FN:29,(anonymous_1)
FN:35,(anonymous_2)
FN:38,(anonymous_3)
FN:40,(anonymous_4)
FN:50,(anonymous_5)
FN:52,(anonymous_6)
FN:57,(anonymous_7)
FNF:8
FNH:3
FNDA:4,(anonymous_0)
FNDA:1,(anonymous_1)
FNDA:1,(anonymous_2)
FNDA:0,(anonymous_3)
FNDA:0,(anonymous_4)
FNDA:0,(anonymous_5)
FNDA:0,(anonymous_6)
FNDA:0,(anonymous_7)
DA:15,1
DA:16,1
DA:17,1
DA:24,4
DA:30,1
DA:36,1
DA:39,0
DA:40,0
DA:42,0
DA:43,0
DA:45,0
DA:48,0
DA:51,0
DA:52,0
DA:53,0
DA:55,0
DA:58,0
LF:17
LH:6
BRDA:42,0,0,0
BRDA:42,0,1,0
BRF:2
BRH:0
end_of_record
TN:
SF:/Users/admin/Desktop/code/study/Imooc-TesingClass-second/02-vueTDD/jest-vue/src/containers/TodoList/components/Header.vue
FN:13,(anonymous_0)
FN:19,(anonymous_1)
FNF:2
FNH:1
FNDA:6,(anonymous_0)
FNDA:0,(anonymous_1)
DA:11,2
DA:14,6
DA:20,0
DA:21,0
DA:22,0
LF:5
LH:2
BRDA:20,0,0,0
BRDA:20,0,1,0
BRF:2
BRH:0
end_of_record
TN:
SF:/Users/admin/Desktop/code/study/Imooc-TesingClass-second/02-vueTDD/jest-vue/src/containers/TodoList/components/UndoList.vue
FN:36,(anonymous_0)
FN:39,(anonymous_1)
FN:42,(anonymous_2)
FN:45,(anonymous_3)
FNF:4
FNH:0
FNDA:0,(anonymous_0)
FNDA:0,(anonymous_1)
FNDA:0,(anonymous_2)
FNDA:0,(anonymous_3)
DA:32,2
DA:37,0
DA:40,0
DA:43,0
DA:46,0
LF:5
LH:1
BRF:0
BRH:0
end_of_record
