{"/Users/admin/Desktop/code/study/Imooc-TestingClass/lesson4/jest-vue/src/App.vue": {"path":"/Users/admin/Desktop/code/study/Imooc-TestingClass/lesson4/jest-vue/src/App.vue","statementMap":{"0":{"start":{"line":6,"column":0},"end":{"line":6,"column":null}}},"fnMap":{},"branchMap":{},"s":{"0":2},"f":{},"b":{}}
,"/Users/admin/Desktop/code/study/Imooc-TestingClass/lesson4/jest-vue/src/containers/TodoList/TodoList.vue": {"path":"/Users/admin/Desktop/code/study/Imooc-TestingClass/lesson4/jest-vue/src/containers/TodoList/TodoList.vue","statementMap":{"0":{"start":{"line":22,"column":0},"end":{"line":22,"column":null}},"1":{"start":{"line":23,"column":0},"end":{"line":23,"column":null}},"2":{"start":{"line":32,"column":0},"end":{"line":32,"column":null}},"3":{"start":{"line":38,"column":0},"end":{"line":38,"column":null}},"4":{"start":{"line":44,"column":0},"end":{"line":44,"column":null}},"5":{"start":{"line":47,"column":0},"end":{"line":47,"column":null}},"6":{"start":{"line":48,"column":0},"end":{"line":58,"column":null}},"7":{"start":{"line":49,"column":0},"end":{"line":56,"column":null}},"8":{"start":{"line":50,"column":0},"end":{"line":50,"column":null}},"9":{"start":{"line":55,"column":0},"end":{"line":55,"column":null}},"10":{"start":{"line":57,"column":0},"end":{"line":57,"column":null}},"11":{"start":{"line":61,"column":0},"end":{"line":61,"column":null}},"12":{"start":{"line":62,"column":0},"end":{"line":64,"column":null}},"13":{"start":{"line":63,"column":0},"end":{"line":63,"column":null}},"14":{"start":{"line":65,"column":0},"end":{"line":65,"column":null}},"15":{"start":{"line":68,"column":0},"end":{"line":68,"column":null}}},"fnMap":{"0":{"name":"(anonymous_1)","decl":{"start":{"line":31,"column":0},"end":{"line":31,"column":null}},"loc":{"start":{"line":31,"column":0},"end":{"line":35,"column":null}}},"1":{"name":"(anonymous_2)","decl":{"start":{"line":37,"column":0},"end":{"line":37,"column":null}},"loc":{"start":{"line":37,"column":0},"end":{"line":42,"column":null}}},"2":{"name":"(anonymous_3)","decl":{"start":{"line":43,"column":0},"end":{"line":43,"column":null}},"loc":{"start":{"line":43,"column":0},"end":{"line":45,"column":null}}},"3":{"name":"(anonymous_4)","decl":{"start":{"line":46,"column":0},"end":{"line":46,"column":null}},"loc":{"start":{"line":46,"column":0},"end":{"line":59,"column":null}}},"4":{"name":"(anonymous_5)","decl":{"start":{"line":48,"column":0},"end":{"line":48,"column":null}},"loc":{"start":{"line":48,"column":0},"end":{"line":58,"column":null}}},"5":{"name":"(anonymous_6)","decl":{"start":{"line":60,"column":0},"end":{"line":60,"column":null}},"loc":{"start":{"line":60,"column":0},"end":{"line":66,"column":null}}},"6":{"name":"(anonymous_7)","decl":{"start":{"line":62,"column":0},"end":{"line":62,"column":null}},"loc":{"start":{"line":62,"column":0},"end":{"line":64,"column":null}}},"7":{"name":"(anonymous_8)","decl":{"start":{"line":67,"column":0},"end":{"line":67,"column":null}},"loc":{"start":{"line":67,"column":0},"end":{"line":69,"column":null}}}},"branchMap":{"0":{"loc":{"start":{"line":49,"column":0},"end":{"line":56,"column":null}},"type":"if","locations":[{"start":{"line":49,"column":0},"end":{"line":56,"column":null}},{"start":{"line":49,"column":0},"end":{"line":56,"column":null}}]}},"s":{"0":4,"1":4,"2":14,"3":2,"4":2,"5":2,"6":2,"7":6,"8":2,"9":4,"10":6,"11":2,"12":2,"13":6,"14":2,"15":2},"f":{"0":14,"1":2,"2":2,"3":2,"4":6,"5":2,"6":6,"7":2},"b":{"0":[2,4]}}
,"/Users/admin/Desktop/code/study/Imooc-TestingClass/lesson4/jest-vue/src/containers/TodoList/components/Header.vue": {"path":"/Users/admin/Desktop/code/study/Imooc-TestingClass/lesson4/jest-vue/src/containers/TodoList/components/Header.vue","statementMap":{"0":{"start":{"line":22,"column":0},"end":{"line":22,"column":null}},"1":{"start":{"line":28,"column":0},"end":{"line":31,"column":null}},"2":{"start":{"line":29,"column":0},"end":{"line":29,"column":null}},"3":{"start":{"line":30,"column":0},"end":{"line":30,"column":null}}},"fnMap":{"0":{"name":"(anonymous_1)","decl":{"start":{"line":21,"column":0},"end":{"line":21,"column":null}},"loc":{"start":{"line":21,"column":0},"end":{"line":25,"column":null}}},"1":{"name":"(anonymous_2)","decl":{"start":{"line":27,"column":0},"end":{"line":27,"column":null}},"loc":{"start":{"line":27,"column":0},"end":{"line":32,"column":null}}}},"branchMap":{"0":{"loc":{"start":{"line":28,"column":0},"end":{"line":31,"column":null}},"type":"if","locations":[{"start":{"line":28,"column":0},"end":{"line":31,"column":null}},{"start":{"line":28,"column":0},"end":{"line":31,"column":null}}]}},"s":{"0":12,"1":4,"2":2,"3":2},"f":{"0":12,"1":4},"b":{"0":[2,2]}}
,"/Users/admin/Desktop/code/study/Imooc-TestingClass/lesson4/jest-vue/src/containers/TodoList/components/UndoList.vue": {"path":"/Users/admin/Desktop/code/study/Imooc-TestingClass/lesson4/jest-vue/src/containers/TodoList/components/UndoList.vue","statementMap":{"0":{"start":{"line":42,"column":0},"end":{"line":42,"column":null}},"1":{"start":{"line":45,"column":0},"end":{"line":45,"column":null}},"2":{"start":{"line":48,"column":0},"end":{"line":48,"column":null}},"3":{"start":{"line":51,"column":0},"end":{"line":51,"column":null}}},"fnMap":{"0":{"name":"(anonymous_1)","decl":{"start":{"line":41,"column":0},"end":{"line":41,"column":null}},"loc":{"start":{"line":41,"column":0},"end":{"line":43,"column":null}}},"1":{"name":"(anonymous_2)","decl":{"start":{"line":44,"column":0},"end":{"line":44,"column":null}},"loc":{"start":{"line":44,"column":0},"end":{"line":46,"column":null}}},"2":{"name":"(anonymous_3)","decl":{"start":{"line":47,"column":0},"end":{"line":47,"column":null}},"loc":{"start":{"line":47,"column":0},"end":{"line":49,"column":null}}},"3":{"name":"(anonymous_4)","decl":{"start":{"line":50,"column":0},"end":{"line":50,"column":null}},"loc":{"start":{"line":50,"column":0},"end":{"line":55,"column":null}}}},"branchMap":{},"s":{"0":2,"1":4,"2":2,"3":2},"f":{"0":2,"1":4,"2":2,"3":2},"b":{}}
}
