TN:
SF:/Users/admin/Desktop/code/study/Imooc-TestingClass/lesson4/jest-vue/src/App.vue
FNF:0
FNH:0
DA:6,2
LF:1
LH:1
BRF:0
BRH:0
end_of_record
TN:
SF:/Users/admin/Desktop/code/study/Imooc-TestingClass/lesson4/jest-vue/src/containers/TodoList/TodoList.vue
FN:31,(anonymous_1)
FN:37,(anonymous_2)
FN:43,(anonymous_3)
FN:46,(anonymous_4)
FN:48,(anonymous_5)
FN:60,(anonymous_6)
FN:62,(anonymous_7)
FN:67,(anonymous_8)
FNF:8
FNH:8
FNDA:14,(anonymous_1)
FNDA:2,(anonymous_2)
FNDA:2,(anonymous_3)
FNDA:2,(anonymous_4)
FNDA:6,(anonymous_5)
FNDA:2,(anonymous_6)
FNDA:6,(anonymous_7)
FNDA:2,(anonymous_8)
DA:22,4
DA:23,4
DA:32,14
DA:38,2
DA:44,2
DA:47,2
DA:48,2
DA:49,6
DA:50,2
DA:55,4
DA:57,6
DA:61,2
DA:62,2
DA:63,6
DA:65,2
DA:68,2
LF:16
LH:16
BRDA:49,0,0,2
BRDA:49,0,1,4
BRF:2
BRH:2
end_of_record
TN:
SF:/Users/admin/Desktop/code/study/Imooc-TestingClass/lesson4/jest-vue/src/containers/TodoList/components/Header.vue
FN:21,(anonymous_1)
FN:27,(anonymous_2)
FNF:2
FNH:2
FNDA:12,(anonymous_1)
FNDA:4,(anonymous_2)
DA:22,12
DA:28,4
DA:29,2
DA:30,2
LF:4
LH:4
BRDA:28,0,0,2
BRDA:28,0,1,2
BRF:2
BRH:2
end_of_record
TN:
SF:/Users/admin/Desktop/code/study/Imooc-TestingClass/lesson4/jest-vue/src/containers/TodoList/components/UndoList.vue
FN:41,(anonymous_1)
FN:44,(anonymous_2)
FN:47,(anonymous_3)
FN:50,(anonymous_4)
FNF:4
FNH:4
FNDA:2,(anonymous_1)
FNDA:4,(anonymous_2)
FNDA:2,(anonymous_3)
FNDA:2,(anonymous_4)
DA:42,2
DA:45,4
DA:48,2
DA:51,2
LF:4
LH:4
BRF:0
BRH:0
end_of_record
